[1/46] MWCC build/GCCP01/src/KeLns.o
[2/46] MWCC build/GCCP01/src/pppDrawMatrixFront.o
[3/46] MWCC build/GCCP01/src/pppDrawMdl.o
[4/46] MWCC build/GCCP01/src/pppDrawMatrixWood.o
[5/46] MWCC build/GCCP01/src/pppYmMegaBirthShpTail3.o
[6/46] MWCC build/GCCP01/src/pppRyjMegaBirthModel.o
[7/46] MWCC build/GCCP01/src/pppPointRAp.o
[8/46] MWCC build/GCCP01/src/pppRyjMegaBirth.o
[9/46] MWCC build/GCCP01/src/pppYmMegaBirthShpTail2.o
[10/46] MWCC build/GCCP01/src/pppKeZCrctShp.o
[11/46] MWCC build/GCCP01/src/pppDrawMatrix.o
[12/46] MWCC build/GCCP01/src/pppDrawMatrixNoRot.o
[13/46] MWCC build/GCCP01/src/pppKeDMat.o
[14/46] MWCC build/GCCP01/src/pppShape.o
[15/46] MWCC build/GCCP01/src/pppMatrixZYX.o
[16/46] MWCC build/GCCP01/src/pppWDrawMatrix.o
[17/46] MWCC build/GCCP01/src/pppDrawMng.o
[18/46] MWCC build/GCCP01/src/pppYmMoveCircle.o
[19/46] MWCC build/GCCP01/src/p_gba.o
[20/46] MWCC build/GCCP01/src/pppLight.o
[21/46] MWCC build/GCCP01/src/pppBindOnlyPos.o
[22/46] MWCC build/GCCP01/src/monobj_boss.o
[23/46] MWCC build/GCCP01/src/pppYmMiasma.o
[24/46] MWCC build/GCCP01/src/pppWDrawMatrixFront.o
[25/46] MWCC build/GCCP01/src/pppWDrawMatrixFrontLoop.o
[26/46] MWCC build/GCCP01/src/pppWDrawMatrixLoop.o
[27/46] MWCC build/GCCP01/src/pppYmCallBack.o
[28/46] MWCC build/GCCP01/src/pppParMoveLine.o
[29/46] MWCC build/GCCP01/src/pppParHitSph.o
### mwcceppc.exe Compiler:
#    File: src\pppParHitSph.cpp
# -----------------------------
#      31: Vec local_a0;
# Warning:     ^^^^^^^^
#   variable 'local_a0' is not initialized before being used
[30/46] MWCC build/GCCP01/src/pppPointApMtx.o
[31/46] MWCC build/GCCP01/src/pppSDrawMatrix.o
[32/46] MWCC build/GCCP01/src/pppDrawMatrixFrontLnr.o
[33/46] MWCC build/GCCP01/src/pppLocationTitle.o
[34/46] MWCC build/GCCP01/src/pppParMoveMatrix.o
[35/46] MWCC build/GCCP01/src/pppYmMoveParabola.o
[36/46] MWCC build/GCCP01/src/pppColum.o
[37/46] MWCC build/GCCP01/src/pppYmTracer2.o
[38/46] MWCC build/GCCP01/src/menu_money.o
[39/46] MWCC build/GCCP01/src/MSL_C/PPCEABI/bare/H/mem.o
[40/46] MWCC build/GCCP01/src/MSL_C/PPCEABI/bare/H/alloc.o
[41/46] MWCC build/GCCP01/src/pppScreenBlur.o
[42/46] MWCC build/GCCP01/src/pppCrystal2.o
[43/46] MWCC build/GCCP01/src/pppCallBackDistance.o
[44/46] MWCC build/GCCP01/src/pppDrawMatrixLoc.o
[45/46] REPORT
 INFO Loading project .
 INFO Generating report for 481 units (using 14 threads)
 INFO Report generated in 0.092s
 INFO Writing to build/GCCP01/report.json
[46/46] PROGRESS
Progress:
  All: 8.99% matched, 0.00% linked (0 / 481 files)
    Code: 166756 / 1855300 bytes (1040 / 4733 functions)
    Data: 0 / 1490000 bytes (0.00%)
  Game Code: 100.00% matched, 100.00% linked (0 / 0 files)
    Code: 0 / 0 bytes (0 / 0 functions)
    Data: 0 / 0 bytes (100.00%)
  SDK Code: 55.67% matched, 0.00% linked (0 / 178 files)
    Code: 148632 / 266980 bytes (685 / 1139 functions)
    Data: 0 / 468 bytes (0.00%)
